[2019-06-29 15:49:38.867] [exthost] [info] extension host started
[2019-06-29 15:49:38.916] [exthost] [info] ExtensionService#_doActivateExtension vscode.debug-auto-launch {"startup":true,"activationEvent":"*"}
[2019-06-29 15:49:38.916] [exthost] [info] ExtensionService#loadCommonJSModule /usr/share/code/resources/app/extensions/debug-auto-launch/dist/extension
[2019-06-29 15:49:38.925] [exthost] [info] ExtensionService#_doActivateExtension vscode.emmet {"startup":true,"activationEvent":"*"}
[2019-06-29 15:49:38.925] [exthost] [info] ExtensionService#loadCommonJSModule /usr/share/code/resources/app/extensions/emmet/dist/extension
[2019-06-29 15:49:38.943] [exthost] [info] ExtensionService#_doActivateExtension vscode.git {"startup":true,"activationEvent":"*"}
[2019-06-29 15:49:38.943] [exthost] [info] ExtensionService#loadCommonJSModule /usr/share/code/resources/app/extensions/git/dist/main
[2019-06-29 15:49:39.052] [exthost] [info] ExtensionService#_doActivateExtension vscode.merge-conflict {"startup":true,"activationEvent":"*"}
[2019-06-29 15:49:39.052] [exthost] [info] ExtensionService#loadCommonJSModule /usr/share/code/resources/app/extensions/merge-conflict/dist/extension
[2019-06-29 15:49:39.058] [exthost] [info] ExtensionService#_doActivateExtension CoenraadS.bracket-pair-colorizer {"startup":true,"activationEvent":"*"}
[2019-06-29 15:49:39.058] [exthost] [info] ExtensionService#loadCommonJSModule /home/tonni/.vscode/extensions/coenraads.bracket-pair-colorizer-1.0.61/out/src/extension
[2019-06-29 15:49:39.077] [exthost] [info] ExtensionService#_doActivateExtension dbaeumer.vscode-eslint {"startup":true,"activationEvent":"*"}
[2019-06-29 15:49:39.077] [exthost] [info] ExtensionService#loadCommonJSModule /home/tonni/.vscode/extensions/dbaeumer.vscode-eslint-1.9.0/client/out/extension
[2019-06-29 15:49:39.119] [exthost] [info] ExtensionService#_doActivateExtension ritwickdey.LiveServer {"startup":true,"activationEvent":"*"}
[2019-06-29 15:49:39.119] [exthost] [info] ExtensionService#loadCommonJSModule /home/tonni/.vscode/extensions/ritwickdey.liveserver-5.6.1/out/src/extension
[2019-06-29 15:49:39.385] [exthost] [info] eager extensions activated
[2019-06-29 15:50:28.826] [exthost] [info] extension host started
[2019-06-29 15:50:28.855] [exthost] [info] ExtensionService#_doActivateExtension vscode.debug-auto-launch {"startup":true,"activationEvent":"*"}
[2019-06-29 15:50:28.856] [exthost] [info] ExtensionService#loadCommonJSModule /usr/share/code/resources/app/extensions/debug-auto-launch/dist/extension
[2019-06-29 15:50:28.859] [exthost] [info] ExtensionService#_doActivateExtension vscode.emmet {"startup":true,"activationEvent":"*"}
[2019-06-29 15:50:28.859] [exthost] [info] ExtensionService#loadCommonJSModule /usr/share/code/resources/app/extensions/emmet/dist/extension
[2019-06-29 15:50:28.876] [exthost] [info] ExtensionService#_doActivateExtension vscode.git {"startup":true,"activationEvent":"*"}
[2019-06-29 15:50:28.876] [exthost] [info] ExtensionService#loadCommonJSModule /usr/share/code/resources/app/extensions/git/dist/main
[2019-06-29 15:50:28.984] [exthost] [info] ExtensionService#_doActivateExtension vscode.merge-conflict {"startup":true,"activationEvent":"*"}
[2019-06-29 15:50:28.984] [exthost] [info] ExtensionService#loadCommonJSModule /usr/share/code/resources/app/extensions/merge-conflict/dist/extension
[2019-06-29 15:50:28.990] [exthost] [info] ExtensionService#_doActivateExtension CoenraadS.bracket-pair-colorizer {"startup":true,"activationEvent":"*"}
[2019-06-29 15:50:28.990] [exthost] [info] ExtensionService#loadCommonJSModule /home/tonni/.vscode/extensions/coenraads.bracket-pair-colorizer-1.0.61/out/src/extension
[2019-06-29 15:50:29.014] [exthost] [info] ExtensionService#_doActivateExtension dbaeumer.vscode-eslint {"startup":true,"activationEvent":"*"}
[2019-06-29 15:50:29.014] [exthost] [info] ExtensionService#loadCommonJSModule /home/tonni/.vscode/extensions/dbaeumer.vscode-eslint-1.9.0/client/out/extension
[2019-06-29 15:50:29.064] [exthost] [info] ExtensionService#_doActivateExtension ritwickdey.LiveServer {"startup":true,"activationEvent":"*"}
[2019-06-29 15:50:29.064] [exthost] [info] ExtensionService#loadCommonJSModule /home/tonni/.vscode/extensions/ritwickdey.liveserver-5.6.1/out/src/extension
[2019-06-29 15:50:29.745] [exthost] [info] ExtensionService#_doActivateExtension felixfbecker.php-intellisense {"startup":true,"activationEvent":"workspaceContains:**/*.php"}
[2019-06-29 15:50:29.745] [exthost] [info] ExtensionService#loadCommonJSModule /home/tonni/.vscode/extensions/felixfbecker.php-intellisense-2.3.10/out/extension
[2019-06-29 15:50:29.869] [exthost] [info] eager extensions activated
[2019-06-29 15:50:35.964] [exthost] [info] ExtensionService#_doActivateExtension vscode.css-language-features {"startup":false,"activationEvent":"onLanguage:css"}
[2019-06-29 15:50:35.964] [exthost] [info] ExtensionService#loadCommonJSModule /usr/share/code/resources/app/extensions/css-language-features/client/dist/cssMain
[2019-06-29 16:00:28.022] [exthost] [info] ExtensionService#_doActivateExtension vscode.php-language-features {"startup":false,"activationEvent":"onLanguage:php"}
[2019-06-29 16:00:28.022] [exthost] [info] ExtensionService#loadCommonJSModule /usr/share/code/resources/app/extensions/php-language-features/dist/phpMain
[2019-06-29 16:00:28.043] [exthost] [info] ExtensionService#_doActivateExtension bmewburn.vscode-intelephense-client {"startup":false,"activationEvent":"onLanguage:php"}
[2019-06-29 16:00:28.043] [exthost] [info] ExtensionService#loadCommonJSModule /home/tonni/.vscode/extensions/bmewburn.vscode-intelephense-client-1.1.1/lib/extension
[2019-06-29 16:00:34.758] [exthost] [info] ExtensionService#_doActivateExtension vscode.html-language-features {"startup":false,"activationEvent":"onLanguage:html"}
[2019-06-29 16:00:34.758] [exthost] [info] ExtensionService#loadCommonJSModule /usr/share/code/resources/app/extensions/html-language-features/client/dist/htmlMain
[2019-06-29 16:19:46.937] [exthost] [info] ExtensionService#_doActivateExtension vscode.typescript-language-features {"startup":false,"activationEvent":"onLanguage:javascript"}
[2019-06-29 16:19:46.937] [exthost] [info] ExtensionService#loadCommonJSModule /usr/share/code/resources/app/extensions/typescript-language-features/dist/extension
[2019-06-29 16:19:47.117] [exthost] [info] ExtensionService#_doActivateExtension VisualStudioExptTeam.vscodeintellicode {"startup":false,"activationEvent":"onLanguage:javascript"}
[2019-06-29 16:19:47.117] [exthost] [info] ExtensionService#loadCommonJSModule /home/tonni/.vscode/extensions/visualstudioexptteam.vscodeintellicode-1.1.7/dist/intellicode
[2019-06-29 16:19:47.856] [exthost] [info] ExtensionService#_doActivateExtension vscode.configuration-editing {"startup":false,"activationEvent":"onLanguage:jsonc"}
[2019-06-29 16:19:47.856] [exthost] [info] ExtensionService#loadCommonJSModule /usr/share/code/resources/app/extensions/configuration-editing/dist/extension
[2019-06-29 16:19:47.906] [exthost] [info] ExtensionService#_doActivateExtension vscode.json-language-features {"startup":false,"activationEvent":"onLanguage:jsonc"}
[2019-06-29 16:19:47.906] [exthost] [info] ExtensionService#loadCommonJSModule /usr/share/code/resources/app/extensions/json-language-features/client/dist/jsonMain
