[2019-06-29 15:49:39.916] [sharedprocess] [info] main {"machineId":"043033367114c6e8ce153d431a8d3bc8a0448e856a32ef817e58a185cbb17a21"}
[2019-06-29 15:49:40.078] [sharedprocess] [info] Scanned user extensions: 9
[2019-06-29 15:49:40.176] [sharedprocess] [info] Scanned user extensions: 9
[2019-06-29 15:49:41.719] [sharedprocess] [info] Scanned user extensions: 9
[2019-06-29 15:49:41.845] [sharedprocess] [info] Scanned system extensions: 72
[2019-06-29 15:49:41.852] [sharedprocess] [info] Scanned system extensions: 72
[2019-06-29 15:49:41.856] [sharedprocess] [info] Scanned system extensions: 72
[2019-06-29 15:49:41.866] [sharedprocess] [info] Scanned user extensions: 9
[2019-06-29 15:49:41.873] [sharedprocess] [info] Deleted from disk octref.vetur /home/tonni/.vscode/extensions/octref.vetur-0.21.0
[2019-06-29 15:49:41.913] [sharedprocess] [info] Scanned user extensions: 9
[2019-06-29 15:49:41.935] [sharedprocess] [info] Scanned system extensions: 72
[2019-06-29 15:50:19.938] [sharedprocess] [info] Starting to clean up unused language packs.
[2019-06-29 15:50:28.017] [sharedprocess] [info] Scanned user extensions: 9
[2019-06-29 15:50:28.022] [sharedprocess] [info] Scanned user extensions: 9
[2019-06-29 15:50:28.269] [sharedprocess] [info] Scanned system extensions: 72
[2019-06-29 15:50:28.281] [sharedprocess] [info] Scanned system extensions: 72
[2019-06-29 15:50:28.345] [sharedprocess] [info] Scanned user extensions: 9
[2019-06-29 15:50:28.445] [sharedprocess] [info] Scanned system extensions: 72
[2019-06-29 15:50:30.225] [sharedprocess] [info] Scanned user extensions: 9
[2019-06-29 15:55:30.248] [sharedprocess] [info] Scanned user extensions: 9
[2019-06-29 16:00:30.286] [sharedprocess] [info] Scanned user extensions: 9
[2019-06-29 16:05:30.314] [sharedprocess] [info] Scanned user extensions: 9
[2019-06-29 16:10:30.334] [sharedprocess] [info] Scanned user extensions: 9
[2019-06-29 16:15:30.357] [sharedprocess] [info] Scanned user extensions: 9
[2019-06-29 16:20:30.381] [sharedprocess] [info] Scanned user extensions: 9
[2019-06-29 16:25:30.401] [sharedprocess] [info] Scanned user extensions: 9
